<?xml version="1.0" encoding="UTF-8"?>
<!-- Generated by org.testng.reporters.JUnitXMLReporter -->
<testsuite ignored="0" hostname="PANCHASHREE" failures="0" tests="5" name="Test" time="10.445" errors="0" timestamp="2024-02-19T12:53:04 AEST">
  <testcase classname="breakoutTaskClass61.BreakOutTask" name="verifyUrl" time="0.053"/>
  <testcase classname="breakoutTaskClass61.BreakOutTask" name="signUpButtonDisabled" time="0.829"/>
  <testcase classname="breakoutTaskClass61.BreakOutTask" name="signUpPage" time="1.878"/>
  <testcase classname="breakoutTaskClass61.BreakOutTask" name="signUpPage" time="1.214"/>
  <testcase classname="breakoutTaskClass61.BreakOutTask" name="signUpPage" time="1.173"/>
</testsuite> <!-- Test -->
