<?xml version="1.0" encoding="UTF-8"?>
<!-- Generated by org.testng.reporters.JUnitXMLReporter -->
<testsuite ignored="0" hostname="PANCHASHREE" failures="0" tests="5" name="TestOnFirefox" time="11.975" errors="0" timestamp="2024-02-19T11:06:24 AEST">
  <testcase classname="breakoutTaskClass_60.TestDataEntry" name="verifyUrl" time="0.039"/>
  <testcase classname="breakoutTaskClass_60.TestDataEntry" name="signUpDisabled" time="0.488"/>
  <testcase classname="breakoutTaskClass_60.TestDataEntry" name="signUpPage" time="1.49"/>
  <testcase classname="breakoutTaskClass_60.TestDataEntry" name="signUpPage" time="1.499"/>
  <testcase classname="breakoutTaskClass_60.TestDataEntry" name="signUpPage" time="1.536"/>
</testsuite> <!-- TestOnFirefox -->
