<?xml version="1.0" encoding="UTF-8"?>
<!-- Generated by org.testng.reporters.JUnitXMLReporter -->
<testsuite ignored="0" hostname="PANCHASHREE" failures="0" tests="5" name="TestOnChrome" time="7.437" errors="0" timestamp="2024-02-19T11:06:12 AEST">
  <testcase classname="breakoutTaskClass_60.TestDataEntry" name="verifyUrl" time="0.419"/>
  <testcase classname="breakoutTaskClass_60.TestDataEntry" name="signUpDisabled" time="0.524"/>
  <testcase classname="breakoutTaskClass_60.TestDataEntry" name="signUpPage" time="1.033"/>
  <testcase classname="breakoutTaskClass_60.TestDataEntry" name="signUpPage" time="0.67"/>
  <testcase classname="breakoutTaskClass_60.TestDataEntry" name="signUpPage" time="1.043"/>
</testsuite> <!-- TestOnChrome -->
